  AIManager.cpp
C:\Users\g016292k\Documents\GitHub\Car-AI\AIFramework 2022\AIManager.cpp(334,36): error C3203: 'greater': unspecialized class template can't be used as a template argument for template parameter '_Pr', expected a real type
C:\Program Files (x86)\Microsoft Visual Studio\2019\Professional\VC\Tools\MSVC\14.28.29910\include\queue(180,38): error C2825: '_Container': must be a class or namespace when followed by '::'
C:\Users\g016292k\Documents\GitHub\Car-AI\AIFramework 2022\AIManager.cpp(334): message : see reference to class template instantiation 'std::priority_queue<int,Waypoint *,int>' being compiled
C:\Program Files (x86)\Microsoft Visual Studio\2019\Professional\VC\Tools\MSVC\14.28.29910\include\queue(180,50): error C2510: '_Container': left of '::' must be a class/struct/union
C:\Program Files (x86)\Microsoft Visual Studio\2019\Professional\VC\Tools\MSVC\14.28.29910\include\queue(180,1): error C2061: syntax error: identifier 'value_type'
C:\Program Files (x86)\Microsoft Visual Studio\2019\Professional\VC\Tools\MSVC\14.28.29910\include\queue(181,38): error C2825: '_Container': must be a class or namespace when followed by '::'
C:\Program Files (x86)\Microsoft Visual Studio\2019\Professional\VC\Tools\MSVC\14.28.29910\include\queue(181,50): error C2510: '_Container': left of '::' must be a class/struct/union
C:\Program Files (x86)\Microsoft Visual Studio\2019\Professional\VC\Tools\MSVC\14.28.29910\include\queue(181,1): error C2061: syntax error: identifier 'reference'
C:\Program Files (x86)\Microsoft Visual Studio\2019\Professional\VC\Tools\MSVC\14.28.29910\include\queue(182,38): error C2825: '_Container': must be a class or namespace when followed by '::'
C:\Program Files (x86)\Microsoft Visual Studio\2019\Professional\VC\Tools\MSVC\14.28.29910\include\queue(182,50): error C2510: '_Container': left of '::' must be a class/struct/union
C:\Program Files (x86)\Microsoft Visual Studio\2019\Professional\VC\Tools\MSVC\14.28.29910\include\queue(182,1): error C2061: syntax error: identifier 'const_reference'
C:\Program Files (x86)\Microsoft Visual Studio\2019\Professional\VC\Tools\MSVC\14.28.29910\include\queue(183,38): error C2825: '_Container': must be a class or namespace when followed by '::'
C:\Program Files (x86)\Microsoft Visual Studio\2019\Professional\VC\Tools\MSVC\14.28.29910\include\queue(183,50): error C2510: '_Container': left of '::' must be a class/struct/union
C:\Program Files (x86)\Microsoft Visual Studio\2019\Professional\VC\Tools\MSVC\14.28.29910\include\queue(183,1): error C2061: syntax error: identifier 'size_type'
C:\Program Files (x86)\Microsoft Visual Studio\2019\Professional\VC\Tools\MSVC\14.28.29910\include\queue(187,34): error C2065: 'value_type': undeclared identifier
C:\Program Files (x86)\Microsoft Visual Studio\2019\Professional\VC\Tools\MSVC\14.28.29910\include\queue(187,19): error C2923: 'std::is_same_v': 'value_type' is not a valid template type argument for parameter '<unnamed-symbol>'
C:\Program Files (x86)\Microsoft Visual Studio\2019\Professional\VC\Tools\MSVC\14.28.29910\include\queue(187): error C2062: type 'unknown-type' unexpected
C:\Program Files (x86)\Microsoft Visual Studio\2019\Professional\VC\Tools\MSVC\14.28.29910\include\queue(187,1): error C2238: unexpected token(s) preceding ';'
C:\Program Files (x86)\Microsoft Visual Studio\2019\Professional\VC\Tools\MSVC\14.28.29910\include\queue(258,26): error C3646: 'size': unknown override specifier
C:\Program Files (x86)\Microsoft Visual Studio\2019\Professional\VC\Tools\MSVC\14.28.29910\include\queue(258,30): error C2059: syntax error: '('
C:\Program Files (x86)\Microsoft Visual Studio\2019\Professional\VC\Tools\MSVC\14.28.29910\include\queue(258,1): error C2334: unexpected token(s) preceding '{'; skipping apparent function body
C:\Program Files (x86)\Microsoft Visual Studio\2019\Professional\VC\Tools\MSVC\14.28.29910\include\queue(262,32): error C3646: 'top': unknown override specifier
C:\Program Files (x86)\Microsoft Visual Studio\2019\Professional\VC\Tools\MSVC\14.28.29910\include\queue(262,35): error C2059: syntax error: '('
C:\Program Files (x86)\Microsoft Visual Studio\2019\Professional\VC\Tools\MSVC\14.28.29910\include\queue(262,1): error C2334: unexpected token(s) preceding '{'; skipping apparent function body
C:\Program Files (x86)\Microsoft Visual Studio\2019\Professional\VC\Tools\MSVC\14.28.29910\include\queue(266,1): error C4430: missing type specifier - int assumed. Note: C++ does not support default-int
C:\Program Files (x86)\Microsoft Visual Studio\2019\Professional\VC\Tools\MSVC\14.28.29910\include\queue(266,31): error C2143: syntax error: missing ',' before '&'
C:\Program Files (x86)\Microsoft Visual Studio\2019\Professional\VC\Tools\MSVC\14.28.29910\include\queue(271,15): error C2061: syntax error: identifier 'value_type'
C:\Users\g016292k\Documents\GitHub\Car-AI\AIFramework 2022\AIManager.cpp(341,38): error C2039: 'front': is not a member of 'std::priority_queue<int,Waypoint *,int>'
C:\Users\g016292k\Documents\GitHub\Car-AI\AIFramework 2022\AIManager.cpp(334): message : see declaration of 'std::priority_queue<int,Waypoint *,int>'
C:\Users\g016292k\Documents\GitHub\Car-AI\AIFramework 2022\AIManager.cpp(353,41): error C2664: 'void std::priority_queue<int,Waypoint *,int>::push(const int)': cannot convert argument 1 from 'Waypoint *' to 'const int'
C:\Users\g016292k\Documents\GitHub\Car-AI\AIFramework 2022\AIManager.cpp(353,31): message : There is no context in which this conversion is possible
C:\Program Files (x86)\Microsoft Visual Studio\2019\Professional\VC\Tools\MSVC\14.28.29910\include\queue(266,10): message : see declaration of 'std::priority_queue<int,Waypoint *,int>::push'
  main.cpp
  Generating Code...
